2021-12-04 20:53:14 - 28 Не задан параметр sbermegamarket_token 
2022-02-13 2:23:03 - 61 postData.Error No: 6 | Error msg: Could not resolve host: SMM_API_BASE_URLSMM_API_VERSIONSMM_API_ORDERS_PACKING
2022-02-13 2:23:03 - 61 postData.Error No: 6 | Error msg: Could not resolve host: SMM_API_BASE_URLSMM_API_VERSIONSMM_API_ORDERS_PACKING
2022-02-13 2:23:03 - 61 postData.Error No: 6 | Error msg: Could not resolve host: SMM_API_BASE_URLSMM_API_VERSIONSMM_API_ORDERS_PACKING
2022-02-13 2:37:13 - 61 postData.Error No: 6 | Error msg: Could not resolve host: SMM_API_BASE_URLSMM_API_VERSIONSMM_API_ORDERS_PACKING
2022-02-13 2:37:13 - 61 postData.Error No: 6 | Error msg: Could not resolve host: SMM_API_BASE_URLSMM_API_VERSIONSMM_API_ORDERS_PACKING
2022-02-13 2:37:13 - 61 postData.Error No: 6 | Error msg: Could not resolve host: SMM_API_BASE_URLSMM_API_VERSIONSMM_API_ORDERS_PACKING
2022-02-13 2:39:14 - 61 postData.Error No: 6 | Error msg: Could not resolve host: SMM_API_BASE_URLSMM_API_VERSIONSMM_API_ORDERS_PACKING
2022-02-13 2:39:14 - 61 postData.Error No: 6 | Error msg: Could not resolve host: SMM_API_BASE_URLSMM_API_VERSIONSMM_API_ORDERS_PACKING
2022-02-13 2:39:14 - 61 postData.Error No: 6 | Error msg: Could not resolve host: SMM_API_BASE_URLSMM_API_VERSIONSMM_API_ORDERS_PACKING
2022-02-13 2:40:30 - 61 postData.Error No: 6 | Error msg: Could not resolve host: SMM_API_BASE_URLSMM_API_VERSIONSMM_API_ORDERS_PACKING
2022-02-13 2:40:30 - 61 postData.Error No: 6 | Error msg: Could not resolve host: SMM_API_BASE_URLSMM_API_VERSIONSMM_API_ORDERS_PACKING
2022-02-13 2:40:30 - 61 postData.Error No: 6 | Error msg: Could not resolve host: SMM_API_BASE_URLSMM_API_VERSIONSMM_API_ORDERS_PACKING
2022-02-13 11:23:19 - 28 __construct. Не задан параметр sbermegamarket_token 
2022-02-13 11:24:44 - 28 __construct. Не задан параметр sbermegamarket_token 
2022-02-14 13:39:14 - 28 __construct. Не задан параметр sbermegamarket_token 
2022-02-14 13:42:15 - 28 __construct. Не задан параметр sbermegamarket_token 
2022-02-14 20:53:15 - 24 __construct.shop - SBMM_SHOP
2022-02-14 20:53:15 - 29 __construct. Не задан параметр sbermegamarket_token 
2022-02-14 20:58:19 - 24 __construct.shop - SBMM_SHOP
2022-02-14 20:58:19 - 29 __construct. Не задан параметр sbermegamarket_token 
2022-02-14 21:00:41 - 24 __construct.shop - SBMM_SHOP
2022-02-14 21:00:41 - 29 __construct. Не задан параметр sbermegamarket_token 
2022-02-14 21:04:01 - 24 __construct.shop - SBMM_SHOP
2022-02-14 21:04:01 - 29 __construct. Не задан параметр sbermegamarket_token 
2022-02-14 21:08:16 - 24 __construct.shop - 4824
2022-02-14 22:09:41 - 24 __construct.shop - 18811
2022-02-14 22:10:07 - 24 __construct.shop - 18811
2022-02-14 22:10:08 - 24 __construct.shop - 18811
2022-02-14 22:15:57 - 24 __construct.shop - 18811
2022-02-14 22:15:58 - 24 __construct.shop - 18811
2022-02-14 22:29:33 - 24 __construct.shop - 18811
2022-02-14 22:29:34 - 24 __construct.shop - 18811
2022-02-14 22:39:52 - 24 __construct.shop - 18811
2022-02-14 22:43:31 - 24 __construct.shop - 18811
2022-02-15 10:46:33 - 24 __construct.shop - 18811
2022-02-15 12:45:47 - 24 __construct.shop - 4824
2022-02-16 2:03:35 - 24 __construct.shop - 18811
2022-02-16 2:03:36 - 24 __construct.shop - 18811
2022-02-16 2:11:08 - 24 __construct.shop - 18811
2022-02-16 2:44:16 - 24 __construct.shop - 18811
2022-02-16 2:50:06 - 24 __construct.shop - 18811
2022-02-16 2:59:30 - 24 __construct.shop - 18811
2022-02-16 3:36:01 - 24 __construct.shop - 18811
2022-02-16 8:11:50 - 24 __construct.shop - 18811
2022-02-16 13:06:04 - 24 __construct.shop - 18811
2022-02-16 14:26:34 - 24 __construct.shop - 4824
2022-02-17 13:42:30 - 24 __construct.shop - 4824
2022-02-18 14:00:27 - 24 __construct.shop - 4824
2022-02-18 16:38:25 - 24 __construct.shop - 18811
2022-02-18 16:38:50 - 24 __construct.shop - 18811
2022-02-18 16:39:46 - 24 __construct.shop - 18811
2022-02-18 16:39:47 - 24 __construct.shop - 18811
2022-02-18 16:40:00 - 24 __construct.shop - 18811
2022-02-18 16:40:17 - 24 __construct.shop - 18811
2022-02-18 16:40:34 - 24 __construct.shop - 18811
2022-02-18 17:03:26 - 24 __construct.shop - 18811
2022-02-18 17:03:39 - 24 __construct.shop - 18811
2022-02-18 17:28:04 - 24 __construct.shop - 7045
2022-02-18 17:28:10 - 24 __construct.shop - 7045
2022-02-18 17:38:33 - 24 __construct.shop - 7045
2022-02-18 17:38:35 - 24 __construct.shop - 7045
2022-02-18 22:24:17 - 24 __construct.shop - 7045
2022-02-18 22:32:01 - 24 __construct.shop - 7045
2022-02-18 23:35:11 - 24 __construct.shop - 18811
2022-02-18 23:37:00 - 24 __construct.shop - 18811
2022-02-18 23:50:48 - 24 __construct.shop - 18811
2022-02-18 23:55:22 - 24 __construct.shop - 18811
2022-02-18 23:59:54 - 24 __construct.shop - 18811
2022-02-19 0:01:08 - 24 __construct.shop - 18811
2022-02-19 0:02:31 - 24 __construct.shop - 7045
2022-02-19 0:02:36 - 24 __construct.shop - 7045
2022-02-19 0:02:40 - 24 __construct.shop - 7045
2022-02-19 0:04:23 - 24 __construct.shop - 7045
2022-02-19 0:04:56 - 24 __construct.shop - 7045
2022-02-19 0:41:32 - 24 __construct.shop - 18811
2022-02-19 0:46:09 - 24 __construct.shop - 18811
2022-02-19 0:50:19 - 24 __construct.shop - 18811
2022-02-19 0:51:24 - 24 __construct.shop - 18811
2022-02-19 0:53:33 - 24 __construct.shop - 7045
2022-02-19 13:05:11 - 24 __construct.shop - 4824
2022-02-20 11:25:46 - 24 __construct.shop - 4824
2022-02-21 12:23:39 - 24 __construct.shop - 4824
2022-02-21 13:38:56 - 24 __construct.shop - 18811
2022-02-22 10:20:27 - 24 __construct.shop - 7045
2022-02-22 10:20:32 - 24 __construct.shop - 7045
2022-02-22 10:20:38 - 24 __construct.shop - 7045
2022-02-22 10:20:47 - 24 __construct.shop - 7045
2022-02-22 10:33:10 - 24 __construct.shop - 7045
2022-02-22 10:33:13 - 24 __construct.shop - 7045
2022-02-22 10:40:23 - 24 __construct.shop - 7045
2022-02-22 10:40:28 - 24 __construct.shop - 7045
2022-02-22 10:40:31 - 24 __construct.shop - 7045
2022-02-22 10:48:49 - 24 __construct.shop - 7045
2022-02-22 10:48:51 - 24 __construct.shop - 7045
2022-02-22 10:48:52 - 24 __construct.shop - 7045
2022-02-22 10:48:53 - 24 __construct.shop - 7045
2022-02-22 10:48:54 - 24 __construct.shop - 7045
2022-02-22 10:48:54 - 24 __construct.shop - 7045
2022-02-22 10:48:54 - 24 __construct.shop - 7045
2022-02-22 10:48:55 - 24 __construct.shop - 7045
2022-02-22 10:48:55 - 24 __construct.shop - 7045
2022-02-22 10:48:56 - 24 __construct.shop - 7045
2022-02-22 10:48:57 - 24 __construct.shop - 7045
2022-02-22 10:48:57 - 24 __construct.shop - 7045
2022-02-22 10:48:58 - 24 __construct.shop - 7045
2022-02-22 10:48:59 - 24 __construct.shop - 7045
2022-02-22 10:48:59 - 24 __construct.shop - 7045
2022-02-22 10:48:59 - 24 __construct.shop - 7045
2022-02-22 10:48:59 - 24 __construct.shop - 7045
2022-02-22 10:49:00 - 24 __construct.shop - 7045
2022-02-22 10:49:01 - 24 __construct.shop - 7045
2022-02-22 10:49:01 - 24 __construct.shop - 7045
2022-02-22 10:49:01 - 24 __construct.shop - 7045
2022-02-22 10:49:02 - 24 __construct.shop - 7045
2022-02-22 10:49:02 - 24 __construct.shop - 7045
2022-02-22 10:49:02 - 24 __construct.shop - 7045
2022-02-22 10:49:03 - 24 __construct.shop - 7045
2022-02-22 10:49:04 - 24 __construct.shop - 7045
2022-02-22 10:49:04 - 24 __construct.shop - 7045
2022-02-22 10:49:04 - 24 __construct.shop - 7045
2022-02-22 10:49:04 - 24 __construct.shop - 7045
2022-02-22 10:49:05 - 24 __construct.shop - 7045
2022-02-22 10:49:05 - 24 __construct.shop - 7045
2022-02-22 10:49:05 - 24 __construct.shop - 7045
2022-02-22 10:49:05 - 24 __construct.shop - 7045
2022-02-22 10:49:06 - 24 __construct.shop - 7045
2022-02-22 10:49:06 - 24 __construct.shop - 7045
2022-02-22 10:49:06 - 24 __construct.shop - 7045
2022-02-22 10:49:06 - 24 __construct.shop - 7045
2022-02-22 10:49:07 - 24 __construct.shop - 7045
2022-02-22 10:49:07 - 24 __construct.shop - 7045
2022-02-22 10:49:07 - 24 __construct.shop - 7045
2022-02-22 10:49:08 - 24 __construct.shop - 7045
2022-02-22 10:49:08 - 24 __construct.shop - 7045
2022-02-22 10:49:09 - 24 __construct.shop - 7045
2022-02-22 10:49:09 - 24 __construct.shop - 7045
2022-02-22 10:49:09 - 24 __construct.shop - 7045
2022-02-22 10:49:10 - 24 __construct.shop - 7045
2022-02-22 10:49:10 - 24 __construct.shop - 7045
2022-02-22 10:49:10 - 24 __construct.shop - 7045
2022-02-22 10:49:10 - 24 __construct.shop - 7045
2022-02-22 10:49:11 - 24 __construct.shop - 7045
2022-02-22 10:49:11 - 24 __construct.shop - 7045
2022-02-22 10:49:11 - 24 __construct.shop - 7045
2022-02-22 10:49:12 - 24 __construct.shop - 7045
2022-02-22 10:49:12 - 24 __construct.shop - 7045
2022-02-22 10:49:13 - 24 __construct.shop - 7045
2022-02-22 10:49:14 - 24 __construct.shop - 7045
2022-02-22 10:49:14 - 24 __construct.shop - 7045
2022-02-22 10:49:15 - 24 __construct.shop - 7045
2022-02-22 10:50:23 - 24 __construct.shop - 7045
2022-02-22 10:57:58 - 24 __construct.shop - 7045
2022-02-22 10:58:19 - 24 __construct.shop - 7045
2022-02-22 11:08:18 - 24 __construct.shop - 7045
2022-02-22 11:08:23 - 24 __construct.shop - 7045
2022-02-22 11:08:29 - 24 __construct.shop - 7045
2022-02-22 11:24:06 - 24 __construct.shop - 7045
2022-02-22 11:24:19 - 24 __construct.shop - 7045
2022-02-22 11:24:25 - 24 __construct.shop - 7045
2022-02-22 11:28:22 - 24 __construct.shop - 18811
2022-02-22 11:28:23 - 24 __construct.shop - 18811
2022-02-22 11:28:23 - 24 __construct.shop - 18811
2022-02-22 11:28:24 - 24 __construct.shop - 18811
2022-02-22 11:28:24 - 24 __construct.shop - 18811
2022-02-22 11:28:25 - 24 __construct.shop - 18811
2022-02-22 11:28:25 - 24 __construct.shop - 18811
2022-02-22 11:28:26 - 24 __construct.shop - 18811
2022-02-22 11:28:26 - 24 __construct.shop - 18811
2022-02-22 11:28:26 - 24 __construct.shop - 18811
2022-02-22 11:28:27 - 24 __construct.shop - 18811
2022-02-22 11:28:27 - 24 __construct.shop - 18811
2022-02-22 11:28:27 - 24 __construct.shop - 18811
2022-02-22 11:28:28 - 24 __construct.shop - 18811
2022-02-22 11:28:28 - 24 __construct.shop - 18811
2022-02-22 11:28:28 - 24 __construct.shop - 18811
2022-02-22 11:28:29 - 24 __construct.shop - 18811
2022-02-22 11:28:29 - 24 __construct.shop - 18811
2022-02-22 11:28:30 - 24 __construct.shop - 18811
2022-02-22 11:28:30 - 24 __construct.shop - 18811
2022-02-22 11:28:30 - 24 __construct.shop - 18811
2022-02-22 11:28:31 - 24 __construct.shop - 18811
2022-02-22 11:28:31 - 24 __construct.shop - 18811
2022-02-22 11:28:32 - 24 __construct.shop - 18811
2022-02-22 13:45:09 - 24 __construct.shop - 4824
2022-02-23 11:56:07 - 24 __construct.shop - 4824
2022-02-24 13:08:11 - 24 __construct.shop - 4824
2022-02-24 13:28:26 - 24 __construct.shop - 4824
2022-02-25 13:25:36 - 24 __construct.shop - 4824
2022-02-25 16:03:58 - 24 __construct.shop - 18811
2022-02-25 16:04:01 - 24 __construct.shop - 18811
2022-02-26 13:38:31 - 24 __construct.shop - 4824
2022-02-26 13:39:56 - 24 __construct.shop - 4824
2022-02-27 11:02:12 - 24 __construct.shop - 4824
2022-02-28 10:54:17 - 24 __construct.shop - 18811
2022-02-28 10:56:37 - 24 __construct.shop - 18811
2022-02-28 13:48:43 - 24 __construct.shop - 4824
2022-02-28 13:49:15 - 24 __construct.shop - 4824
2022-02-28 13:49:17 - 24 __construct.shop - 4824
2022-02-28 13:49:24 - 24 __construct.shop - 4824
2022-02-28 13:49:29 - 24 __construct.shop - 4824
2022-03-01 10:41:01 - 24 __construct.shop - 4824
2022-03-01 12:04:37 - 24 __construct.shop - 4824
2022-03-01 17:22:51 - 24 __construct.shop - 4824
2022-03-01 17:24:27 - 24 __construct.shop - 18811
2022-03-01 17:40:48 - 24 __construct.shop - 18811
2022-03-01 19:48:29 - 24 __construct.shop - 18811
2022-03-01 19:48:31 - 24 __construct.shop - 18811
2022-03-01 19:48:34 - 24 __construct.shop - 18811
2022-03-01 19:48:35 - 24 __construct.shop - 18811
2022-03-01 19:48:39 - 24 __construct.shop - 18811
2022-03-01 19:48:41 - 24 __construct.shop - 18811
2022-03-01 19:48:41 - 24 __construct.shop - 18811
2022-03-01 19:48:43 - 24 __construct.shop - 18811
2022-03-01 19:48:44 - 24 __construct.shop - 18811
2022-03-01 19:48:44 - 24 __construct.shop - 18811
2022-03-01 19:48:45 - 24 __construct.shop - 18811
2022-03-01 19:48:50 - 24 __construct.shop - 18811
2022-03-01 20:02:57 - 24 __construct.shop - 18811
2022-03-01 20:19:30 - 24 __construct.shop - 18811
2022-03-01 20:19:47 - 24 __construct.shop - 18811
2022-03-01 21:09:43 - 24 __construct.shop - 18811
2022-03-01 21:11:34 - 24 __construct.shop - 18811
2022-03-01 21:11:36 - 24 __construct.shop - 18811
2022-03-02 9:07:54 - 24 __construct.shop - 18811
2022-03-02 9:14:24 - 24 __construct.shop - 18811
2022-03-02 9:14:25 - 24 __construct.shop - 18811
2022-03-02 9:18:53 - 24 __construct.shop - 18811
2022-03-02 9:18:55 - 24 __construct.shop - 18811
2022-03-02 9:33:44 - 24 __construct.shop - 18811
2022-03-02 9:33:45 - 24 __construct.shop - 18811
2022-03-02 14:17:44 - 24 __construct.shop - 4824
2022-03-02 15:32:00 - 24 __construct.shop - 18811
2022-03-02 17:04:41 - 24 __construct.shop - 18811
2022-03-02 18:53:36 - 24 __construct.shop - 18811
2022-03-02 19:36:53 - 24 __construct.shop - 18811
2022-03-02 23:41:46 - 24 __construct.shop - 18811
2022-03-03 2:06:47 - 24 __construct.shop - 18811
2022-03-03 2:06:48 - 24 __construct.shop - 18811
2022-03-03 2:06:49 - 24 __construct.shop - 18811
2022-03-03 2:06:49 - 24 __construct.shop - 18811
2022-03-03 4:06:54 - 24 __construct.shop - 18811
2022-03-03 4:06:56 - 24 __construct.shop - 18811
2022-03-03 10:53:02 - 24 __construct.shop - 18811
2022-03-03 12:02:51 - 24 __construct.shop - 18811
2022-03-03 14:22:29 - 24 __construct.shop - 18811
2022-03-03 14:22:37 - 24 __construct.shop - 18811
2022-03-03 14:22:39 - 24 __construct.shop - 18811
2022-03-03 14:33:53 - 24 __construct.shop - 4824
2022-03-03 17:29:08 - 24 __construct.shop - 18811
2022-03-03 19:02:30 - 24 __construct.shop - 18811
2022-03-04 1:54:35 - 24 __construct.shop - 18811
2022-03-04 1:54:36 - 24 __construct.shop - 18811
2022-03-04 9:21:25 - 24 __construct.shop - 18811
2022-03-04 9:21:26 - 24 __construct.shop - 18811
2022-03-04 9:21:28 - 24 __construct.shop - 18811
2022-03-04 9:21:29 - 24 __construct.shop - 18811
2022-03-04 9:21:39 - 24 __construct.shop - 18811
2022-03-04 9:21:41 - 24 __construct.shop - 18811
2022-03-04 9:21:42 - 24 __construct.shop - 18811
2022-03-04 9:21:44 - 24 __construct.shop - 18811
2022-03-04 9:21:45 - 24 __construct.shop - 18811
2022-03-04 14:03:26 - 24 __construct.shop - 4824
2022-03-04 15:55:33 - 24 __construct.shop - 4824
2022-03-04 17:56:42 - 24 __construct.shop - 18811
2022-03-04 17:56:44 - 24 __construct.shop - 18811
2022-03-05 0:43:26 - 24 __construct.shop - 18811
2022-03-05 0:43:27 - 24 __construct.shop - 18811
2022-03-05 0:43:28 - 24 __construct.shop - 18811
2022-03-05 7:07:49 - 24 __construct.shop - 18811
2022-03-05 7:07:50 - 24 __construct.shop - 18811
2022-03-05 13:06:27 - 24 __construct.shop - 4824
2022-03-05 17:36:03 - 24 __construct.shop - 18811
2022-03-05 17:36:04 - 24 __construct.shop - 18811
2022-03-05 17:36:06 - 24 __construct.shop - 18811
2022-03-05 17:36:10 - 24 __construct.shop - 18811
2022-03-05 17:36:11 - 24 __construct.shop - 18811
2022-03-05 17:36:13 - 24 __construct.shop - 18811
2022-03-06 10:36:21 - 24 __construct.shop - 18811
2022-03-06 14:00:36 - 24 __construct.shop - 4824
2022-03-07 10:53:29 - 24 __construct.shop - 18811
2022-03-07 10:53:30 - 24 __construct.shop - 18811
2022-03-07 10:53:32 - 24 __construct.shop - 18811
2022-03-07 12:59:56 - 24 __construct.shop - 18811
2022-03-07 12:59:58 - 24 __construct.shop - 18811
2022-03-07 12:59:58 - 24 __construct.shop - 18811
2022-03-07 13:00:00 - 24 __construct.shop - 18811
2022-03-07 13:00:02 - 24 __construct.shop - 18811
2022-03-07 13:00:04 - 24 __construct.shop - 18811
2022-03-07 18:58:18 - 24 __construct.shop - 18811
2022-03-07 18:58:19 - 24 __construct.shop - 18811
2022-03-07 18:58:21 - 24 __construct.shop - 18811
2022-03-07 18:58:22 - 24 __construct.shop - 18811
2022-03-07 18:58:23 - 24 __construct.shop - 18811
2022-03-07 18:58:25 - 24 __construct.shop - 18811
2022-03-09 10:43:20 - 24 __construct.shop - 18811
2022-03-09 13:44:57 - 24 __construct.shop - 4824
2022-03-09 13:59:52 - 24 __construct.shop - 4824
2022-03-09 19:24:08 - 24 __construct.shop - 18811
2022-03-09 19:24:09 - 24 __construct.shop - 18811
2022-03-09 19:24:11 - 24 __construct.shop - 18811
2022-03-09 19:24:12 - 24 __construct.shop - 18811
2022-03-09 19:24:13 - 24 __construct.shop - 18811
2022-03-09 19:24:15 - 24 __construct.shop - 18811
2022-03-09 19:24:16 - 24 __construct.shop - 18811
2022-03-09 19:24:18 - 24 __construct.shop - 18811
2022-03-09 19:24:19 - 24 __construct.shop - 18811
2022-03-09 19:24:21 - 24 __construct.shop - 18811
2022-03-09 19:24:23 - 24 __construct.shop - 18811
2022-03-09 19:24:24 - 24 __construct.shop - 18811
2022-03-09 19:24:26 - 24 __construct.shop - 18811
2022-03-09 19:24:27 - 24 __construct.shop - 18811
2022-03-09 19:24:29 - 24 __construct.shop - 18811
2022-03-09 19:24:30 - 24 __construct.shop - 18811
2022-03-10 12:46:54 - 24 __construct.shop - 4824
2022-03-10 14:20:36 - 24 __construct.shop - 18811
2022-03-10 16:37:06 - 24 __construct.shop - 18811
2022-03-10 16:37:23 - 24 __construct.shop - 18811
2022-03-10 23:24:22 - 24 __construct.shop - 18811
2022-03-10 23:24:24 - 24 __construct.shop - 18811
2022-03-11 9:00:18 - 24 __construct.shop - 18811
2022-03-11 9:00:19 - 24 __construct.shop - 18811
2022-03-11 9:00:21 - 24 __construct.shop - 18811
2022-03-11 9:00:23 - 24 __construct.shop - 18811
2022-03-11 9:00:25 - 24 __construct.shop - 18811
2022-03-11 9:00:27 - 24 __construct.shop - 18811
2022-03-11 9:00:28 - 24 __construct.shop - 18811
2022-03-11 9:00:32 - 24 __construct.shop - 18811
2022-03-11 10:27:02 - 24 __construct.shop - 18811
2022-03-11 10:27:03 - 24 __construct.shop - 18811
2022-03-11 10:27:04 - 24 __construct.shop - 18811
2022-03-11 10:38:58 - 24 __construct.shop - 18811
2022-03-11 10:38:59 - 24 __construct.shop - 18811
2022-03-11 10:39:01 - 24 __construct.shop - 18811
2022-03-11 10:39:02 - 24 __construct.shop - 18811
2022-03-11 10:39:04 - 24 __construct.shop - 18811
2022-03-11 11:07:30 - 24 __construct.shop - 18811
2022-03-11 11:07:32 - 24 __construct.shop - 18811
2022-03-11 11:07:34 - 24 __construct.shop - 18811
2022-03-11 11:08:38 - 24 __construct.shop - 18811
2022-03-11 11:08:39 - 24 __construct.shop - 18811
2022-03-11 11:31:32 - 24 __construct.shop - 4824
2022-03-11 11:59:19 - 24 __construct.shop - 18811
2022-03-11 14:22:57 - 24 __construct.shop - 18811
2022-03-11 14:23:01 - 24 __construct.shop - 18811
2022-03-11 14:23:08 - 24 __construct.shop - 18811
2022-03-11 14:39:01 - 24 __construct.shop - 18811
2022-03-11 14:39:02 - 24 __construct.shop - 18811
2022-03-11 14:39:04 - 24 __construct.shop - 18811
2022-03-11 21:23:35 - 24 __construct.shop - 18811
2022-03-11 21:23:36 - 24 __construct.shop - 18811
2022-03-11 21:23:38 - 24 __construct.shop - 18811
2022-03-11 21:24:15 - 24 __construct.shop - 18811
2022-03-12 8:36:00 - 24 __construct.shop - 18811
2022-03-12 8:36:02 - 24 __construct.shop - 18811
2022-03-12 9:26:21 - 24 __construct.shop - 18811
2022-03-12 11:00:42 - 24 __construct.shop - 18811
2022-03-12 13:51:36 - 24 __construct.shop - 4824
2022-03-12 15:27:52 - 24 __construct.shop - 18811
2022-03-12 15:27:53 - 24 __construct.shop - 18811
2022-03-12 15:27:55 - 24 __construct.shop - 18811
2022-03-12 15:27:56 - 24 __construct.shop - 18811
2022-03-12 16:22:48 - 24 __construct.shop - 18811
2022-03-12 16:22:49 - 24 __construct.shop - 18811
2022-03-12 16:22:51 - 24 __construct.shop - 18811
2022-03-13 8:07:36 - 24 __construct.shop - 18811
2022-03-13 8:07:36 - 24 __construct.shop - 18811
2022-03-13 10:10:15 - 24 __construct.shop - 18811
2022-03-13 11:13:47 - 24 __construct.shop - 4824
2022-03-13 12:54:38 - 24 __construct.shop - 4824
2022-03-13 13:12:44 - 24 __construct.shop - 18811
2022-03-13 13:12:46 - 24 __construct.shop - 18811
2022-03-13 16:14:22 - 24 __construct.shop - 18811
2022-03-13 16:14:24 - 24 __construct.shop - 18811
2022-03-13 16:14:26 - 24 __construct.shop - 18811
2022-03-13 16:14:27 - 24 __construct.shop - 18811
2022-03-13 16:14:28 - 24 __construct.shop - 18811
2022-03-14 8:43:52 - 24 __construct.shop - 18811
2022-03-14 9:12:04 - 24 __construct.shop - 18811
2022-03-14 9:17:02 - 24 __construct.shop - 18811
2022-03-14 12:04:31 - 24 __construct.shop - 4824
2022-03-14 20:43:04 - 24 __construct.shop - 18811
2022-03-14 20:43:05 - 24 __construct.shop - 18811
2022-03-14 20:44:45 - 24 __construct.shop - 18811
2022-03-14 20:44:46 - 24 __construct.shop - 18811
2022-03-14 20:44:49 - 24 __construct.shop - 18811
2022-03-14 20:44:50 - 24 __construct.shop - 18811
2022-03-14 20:45:06 - 62 postData.Error No: 22 | Error msg: The requested URL returned error: 502 
2022-03-15 4:07:04 - 24 __construct.shop - 18811
2022-03-15 4:07:05 - 24 __construct.shop - 18811
2022-03-15 12:08:58 - 24 __construct.shop - 18811
2022-03-15 12:48:13 - 24 __construct.shop - 4824
2022-03-15 14:39:25 - 24 __construct.shop - 18811
2022-03-15 14:45:57 - 24 __construct.shop - 18811
2022-03-16 10:05:27 - 24 __construct.shop - 18811
2022-03-16 13:48:04 - 24 __construct.shop - 4824
2022-03-17 6:06:59 - 24 __construct.shop - 18811
2022-03-17 6:07:00 - 24 __construct.shop - 18811
2022-03-17 9:25:21 - 24 __construct.shop - 18811
2022-03-17 9:25:23 - 24 __construct.shop - 18811
2022-03-17 13:30:13 - 24 __construct.shop - 4824
2022-03-17 13:36:20 - 24 __construct.shop - 4824
2022-03-18 10:35:37 - 24 __construct.shop - 18811
2022-03-18 10:35:44 - 24 __construct.shop - 18811
2022-03-18 10:35:47 - 24 __construct.shop - 18811
2022-03-18 10:35:48 - 24 __construct.shop - 18811
2022-03-18 14:01:41 - 24 __construct.shop - 4824
2022-03-19 9:42:56 - 24 __construct.shop - 18811
2022-03-19 9:47:52 - 24 __construct.shop - 18811
2022-03-19 9:47:54 - 24 __construct.shop - 18811
2022-03-19 9:47:55 - 24 __construct.shop - 18811
2022-03-19 9:47:57 - 24 __construct.shop - 18811
2022-03-19 9:47:58 - 24 __construct.shop - 18811
2022-03-19 9:59:43 - 24 __construct.shop - 18811
2022-03-19 9:59:44 - 24 __construct.shop - 18811
2022-03-19 10:00:03 - 24 __construct.shop - 18811
2022-03-19 10:06:02 - 24 __construct.shop - 18811
2022-03-19 10:16:55 - 24 __construct.shop - 18811
2022-03-19 10:16:55 - 24 __construct.shop - 18811
2022-03-19 10:16:57 - 24 __construct.shop - 18811
2022-03-19 10:16:57 - 24 __construct.shop - 18811
2022-03-19 10:23:16 - 24 __construct.shop - 18811
2022-03-19 10:23:17 - 24 __construct.shop - 18811
2022-03-19 10:25:51 - 24 __construct.shop - 18811
2022-03-19 10:33:42 - 24 __construct.shop - 18811
2022-03-19 10:49:25 - 24 __construct.shop - 18811
2022-03-19 10:49:26 - 24 __construct.shop - 18811
2022-03-19 10:49:28 - 24 __construct.shop - 18811
2022-03-19 10:49:30 - 24 __construct.shop - 18811
2022-03-19 10:56:39 - 24 __construct.shop - 18811
2022-03-19 12:13:00 - 24 __construct.shop - 4824
2022-03-20 10:49:15 - 24 __construct.shop - 4824
2022-03-20 11:22:55 - 24 __construct.shop - 18811
2022-03-21 5:06:52 - 24 __construct.shop - 18811
2022-03-21 5:06:53 - 24 __construct.shop - 18811
2022-03-21 6:07:17 - 24 __construct.shop - 18811
2022-03-21 6:07:18 - 24 __construct.shop - 18811
2022-03-21 13:35:35 - 24 __construct.shop - 4824
2022-03-21 15:07:43 - 24 __construct.shop - 18811
2022-03-21 15:07:44 - 24 __construct.shop - 18811
2022-03-21 15:07:53 - 24 __construct.shop - 18811
2022-03-21 15:07:55 - 24 __construct.shop - 18811
2022-03-22 6:06:52 - 24 __construct.shop - 18811
2022-03-22 6:06:53 - 24 __construct.shop - 18811
2022-03-22 12:42:34 - 24 __construct.shop - 4824
2022-03-22 13:56:09 - 24 __construct.shop - 18811
2022-03-22 16:32:20 - 24 __construct.shop - 18811
2022-03-23 10:18:57 - 24 __construct.shop - 18811
2022-03-23 10:18:59 - 24 __construct.shop - 18811
2022-03-23 10:19:02 - 24 __construct.shop - 18811
2022-03-23 13:05:52 - 24 __construct.shop - 4824
2022-03-24 6:07:36 - 24 __construct.shop - 18811
2022-03-24 6:07:36 - 24 __construct.shop - 18811
2022-03-24 6:07:38 - 24 __construct.shop - 18811
2022-03-24 6:07:41 - 24 __construct.shop - 18811
2022-03-24 13:00:40 - 24 __construct.shop - 4824
2022-03-24 15:18:50 - 24 __construct.shop - 18811
2022-03-24 15:18:52 - 24 __construct.shop - 18811
2022-03-25 5:07:09 - 24 __construct.shop - 18811
2022-03-25 5:07:10 - 24 __construct.shop - 18811
2022-03-25 9:59:04 - 24 __construct.shop - 18811
2022-03-25 9:59:06 - 24 __construct.shop - 18811
2022-03-25 9:59:07 - 24 __construct.shop - 18811
2022-03-25 10:36:53 - 24 __construct.shop - 18811
2022-03-25 10:36:54 - 24 __construct.shop - 18811
2022-03-25 10:42:16 - 24 __construct.shop - 18811
2022-03-25 10:42:17 - 24 __construct.shop - 18811
2022-03-25 10:43:03 - 24 __construct.shop - 18811
2022-03-25 10:43:08 - 24 __construct.shop - 18811
2022-03-25 10:43:10 - 24 __construct.shop - 18811
2022-03-25 10:43:10 - 24 __construct.shop - 18811
2022-03-25 10:58:50 - 24 __construct.shop - 18811
2022-03-25 11:04:20 - 24 __construct.shop - 18811
2022-03-25 11:22:03 - 24 __construct.shop - 4824
2022-03-25 11:28:31 - 24 __construct.shop - 4824
2022-03-26 11:51:24 - 24 __construct.shop - 4824
2022-03-27 10:45:26 - 24 __construct.shop - 18811
2022-03-27 10:45:28 - 24 __construct.shop - 18811
2022-03-27 10:45:29 - 24 __construct.shop - 18811
2022-03-27 10:45:32 - 24 __construct.shop - 18811
2022-03-27 12:00:18 - 24 __construct.shop - 4824
2022-03-27 12:26:54 - 24 __construct.shop - 4824
2022-03-27 13:17:31 - 24 __construct.shop - 4824
2022-03-28 11:23:13 - 24 __construct.shop - 4824
2022-03-29 12:20:06 - 24 __construct.shop - 4824
2022-03-30 10:04:12 - 24 __construct.shop - 18811
2022-03-30 11:19:02 - 24 __construct.shop - 4824
2022-03-30 12:31:52 - 24 __construct.shop - 4824
2022-03-30 12:38:33 - 24 __construct.shop - 18811
2022-03-30 12:38:35 - 24 __construct.shop - 18811
2022-03-30 12:38:36 - 24 __construct.shop - 18811
2022-03-31 5:06:32 - 24 __construct.shop - 18811
2022-03-31 5:06:33 - 24 __construct.shop - 18811
2022-03-31 10:53:43 - 24 __construct.shop - 18811
2022-03-31 12:28:45 - 24 __construct.shop - 4824
2022-03-31 12:38:52 - 24 __construct.shop - 4824
2022-04-01 4:06:15 - 24 __construct.shop - 18811
2022-04-01 4:06:17 - 24 __construct.shop - 18811
2022-04-01 4:06:18 - 24 __construct.shop - 18811
2022-04-01 4:06:20 - 24 __construct.shop - 18811
2022-04-01 4:06:21 - 24 __construct.shop - 18811
2022-04-01 4:06:22 - 24 __construct.shop - 18811
2022-04-01 12:07:39 - 24 __construct.shop - 4824
2022-04-01 13:22:55 - 24 __construct.shop - 18811
2022-04-01 13:22:56 - 24 __construct.shop - 18811
2022-04-01 13:22:58 - 24 __construct.shop - 18811
2022-04-01 13:22:59 - 24 __construct.shop - 18811
2022-04-01 13:24:59 - 62 postData.Error No: 22 | Error msg: The requested URL returned error: 502 
2022-04-01 13:25:00 - 62 postData.Error No: 22 | Error msg: The requested URL returned error: 502 
2022-04-01 13:26:59 - 62 postData.Error No: 22 | Error msg: The requested URL returned error: 502 
2022-04-01 13:27:00 - 62 postData.Error No: 22 | Error msg: The requested URL returned error: 502 
2022-04-02 0:13:21 - 24 __construct.shop - 18811
2022-04-02 7:06:55 - 24 __construct.shop - 18811
2022-04-02 7:06:56 - 24 __construct.shop - 18811
2022-04-02 11:21:59 - 24 __construct.shop - 4824
2022-04-02 15:32:59 - 24 __construct.shop - 18811
2022-04-02 15:33:01 - 24 __construct.shop - 18811
2022-04-02 15:33:03 - 24 __construct.shop - 18811
2022-04-02 15:33:04 - 24 __construct.shop - 18811
2022-04-03 11:27:57 - 24 __construct.shop - 4824
2022-04-03 13:05:00 - 24 __construct.shop - 4824
2022-04-03 15:35:28 - 24 __construct.shop - 18811
2022-04-04 13:18:40 - 24 __construct.shop - 4824
2022-04-05 12:02:40 - 24 __construct.shop - 4824
2022-04-06 6:06:05 - 24 __construct.shop - 18811
2022-04-06 6:06:06 - 24 __construct.shop - 18811
2022-04-06 12:01:05 - 24 __construct.shop - 4824
2022-04-06 12:04:02 - 24 __construct.shop - 4824
2022-04-06 21:53:12 - 24 __construct.shop - 18811
2022-04-07 10:22:15 - 24 __construct.shop - 18811
2022-04-07 10:22:18 - 24 __construct.shop - 18811
2022-04-07 10:22:19 - 24 __construct.shop - 18811
2022-04-07 10:22:21 - 24 __construct.shop - 18811
2022-04-07 10:22:21 - 24 __construct.shop - 18811
2022-04-07 10:22:22 - 24 __construct.shop - 18811
2022-04-07 10:28:12 - 24 __construct.shop - 18811
2022-04-07 10:28:14 - 24 __construct.shop - 18811
2022-04-07 10:28:15 - 24 __construct.shop - 18811
2022-04-07 11:02:56 - 24 __construct.shop - 18811
2022-04-07 11:13:33 - 24 __construct.shop - 18811
2022-04-07 11:13:34 - 24 __construct.shop - 18811
2022-04-07 11:13:36 - 24 __construct.shop - 18811
2022-04-07 11:34:47 - 24 __construct.shop - 18811
2022-04-07 11:34:48 - 24 __construct.shop - 18811
2022-04-07 11:34:50 - 24 __construct.shop - 18811
2022-04-07 12:23:09 - 24 __construct.shop - 4824
2022-04-07 13:54:05 - 24 __construct.shop - 18811
2022-04-07 13:55:14 - 24 __construct.shop - 18811
2022-04-07 13:55:15 - 24 __construct.shop - 18811
2022-04-07 13:55:17 - 24 __construct.shop - 18811
2022-04-07 13:55:18 - 24 __construct.shop - 18811
2022-04-07 22:56:00 - 24 __construct.shop - 18811
2022-04-08 9:40:11 - 24 __construct.shop - 18811
2022-04-08 10:55:22 - 24 __construct.shop - 18811
2022-04-08 11:49:37 - 24 __construct.shop - 4824
2022-04-08 12:13:47 - 24 __construct.shop - 18811
2022-04-09 12:03:26 - 24 __construct.shop - 4824
2022-04-10 12:16:03 - 24 __construct.shop - 4824
2022-04-11 13:03:41 - 24 __construct.shop - 4824
2022-04-12 12:23:01 - 24 __construct.shop - 4824
2022-04-12 12:38:02 - 24 __construct.shop - 4824
2022-04-12 16:54:16 - 24 __construct.shop - 18811
2022-04-12 16:54:17 - 24 __construct.shop - 18811
2022-04-12 16:54:19 - 24 __construct.shop - 18811
2022-04-13 10:42:00 - 24 __construct.shop - 18811
2022-04-13 10:42:01 - 24 __construct.shop - 18811
2022-04-13 10:42:04 - 24 __construct.shop - 18811
2022-04-13 10:42:05 - 24 __construct.shop - 18811
2022-04-13 10:42:07 - 24 __construct.shop - 18811
2022-04-13 10:42:08 - 24 __construct.shop - 18811
2022-04-13 10:42:13 - 24 __construct.shop - 18811
2022-04-13 11:38:57 - 24 __construct.shop - 4824
2022-04-13 12:08:31 - 24 __construct.shop - 4824
2022-04-13 12:09:02 - 24 __construct.shop - 4824
2022-04-14 12:04:53 - 24 __construct.shop - 4824
2022-04-14 12:06:22 - 24 __construct.shop - 4824
2022-04-15 12:28:09 - 24 __construct.shop - 4824
2022-04-16 12:26:23 - 24 __construct.shop - 4824
2022-04-17 10:42:27 - 24 __construct.shop - 4824
2022-04-18 10:17:13 - 24 __construct.shop - 18811
2022-04-18 10:17:14 - 24 __construct.shop - 18811
2022-04-18 10:17:17 - 24 __construct.shop - 18811
2022-04-18 11:49:50 - 24 __construct.shop - 4824
2022-04-18 12:29:56 - 24 __construct.shop - 4824
2022-04-19 12:49:01 - 24 __construct.shop - 4824
2022-04-19 18:07:04 - 24 __construct.shop - 18811
2022-04-19 18:07:05 - 24 __construct.shop - 18811
2022-04-19 20:27:44 - 24 __construct.shop - 18811
2022-04-20 13:36:10 - 24 __construct.shop - 18811
2022-04-21 13:24:37 - 24 __construct.shop - 4824
2022-04-21 15:44:00 - 24 __construct.shop - 18811
2022-04-21 15:44:01 - 24 __construct.shop - 18811
2022-04-21 15:47:10 - 24 __construct.shop - 18811
2022-04-21 15:47:12 - 24 __construct.shop - 18811
2022-04-21 16:19:15 - 24 __construct.shop - 18811
2022-04-21 16:19:17 - 24 __construct.shop - 18811
2022-04-22 11:08:07 - 24 __construct.shop - 4824
2022-04-22 11:11:20 - 24 __construct.shop - 18811
2022-04-22 12:30:57 - 24 __construct.shop - 18811
2022-04-22 12:30:59 - 24 __construct.shop - 18811
2022-04-22 12:31:00 - 24 __construct.shop - 18811
2022-04-22 13:18:49 - 24 __construct.shop - 18811
2022-04-22 13:18:51 - 24 __construct.shop - 18811
2022-04-22 13:21:50 - 24 __construct.shop - 18811
2022-04-22 13:21:52 - 24 __construct.shop - 18811
2022-04-22 13:22:32 - 24 __construct.shop - 18811
2022-04-22 13:23:31 - 24 __construct.shop - 18811
2022-04-23 5:06:30 - 24 __construct.shop - 18811
2022-04-23 5:06:31 - 24 __construct.shop - 18811
2022-04-23 9:34:23 - 24 __construct.shop - 18811
2022-04-23 9:34:25 - 24 __construct.shop - 18811
2022-04-23 9:34:26 - 24 __construct.shop - 18811
2022-04-23 11:15:57 - 24 __construct.shop - 4824
2022-04-24 10:03:44 - 24 __construct.shop - 4824
2022-04-26 11:36:25 - 24 __construct.shop - 4824
2022-04-27 11:37:43 - 24 __construct.shop - 4824
2022-04-28 9:43:04 - 24 __construct.shop - 18811
2022-04-28 9:43:06 - 24 __construct.shop - 18811
2022-04-28 9:43:07 - 24 __construct.shop - 18811
2022-04-28 11:51:25 - 24 __construct.shop - 4824
2022-04-29 9:54:43 - 24 __construct.shop - 18811
2022-04-29 11:44:55 - 24 __construct.shop - 4824
2022-04-29 11:46:25 - 24 __construct.shop - 4824
2022-04-30 11:41:09 - 24 __construct.shop - 4824
2022-05-01 11:01:49 - 24 __construct.shop - 4824
2022-05-01 11:14:27 - 24 __construct.shop - 4824
2022-05-02 11:03:32 - 24 __construct.shop - 4824
2022-05-02 11:13:25 - 24 __construct.shop - 4824
2022-05-03 10:28:41 - 24 __construct.shop - 4824
2022-05-04 10:56:15 - 24 __construct.shop - 4824
2022-05-05 11:01:57 - 24 __construct.shop - 4824
2022-05-06 11:16:32 - 24 __construct.shop - 4824
2022-05-07 10:28:13 - 24 __construct.shop - 4824
2022-05-10 11:21:50 - 24 __construct.shop - 4824
2022-05-11 10:37:06 - 24 __construct.shop - 4824
2022-05-12 11:37:30 - 24 __construct.shop - 4824
2022-05-12 12:19:11 - 24 __construct.shop - 4824
2022-05-12 12:22:36 - 24 __construct.shop - 4824
2022-05-13 12:10:33 - 24 __construct.shop - 4824
2022-05-14 12:25:39 - 24 __construct.shop - 4824
2022-05-14 20:39:20 - 24 __construct.shop - 18811
2022-05-14 20:39:21 - 24 __construct.shop - 18811
2022-05-14 20:39:22 - 24 __construct.shop - 18811
2022-05-15 10:59:32 - 24 __construct.shop - 4824
2022-05-16 12:44:16 - 24 __construct.shop - 4824
2022-05-17 11:56:52 - 24 __construct.shop - 4824
2022-05-17 11:58:41 - 24 __construct.shop - 4824
2022-05-18 10:56:14 - 24 __construct.shop - 4824
2022-05-18 11:01:23 - 24 __construct.shop - 4824
2022-05-18 22:34:51 - 24 __construct.shop - 18811
2022-05-18 22:34:52 - 24 __construct.shop - 18811
2022-05-18 22:34:56 - 24 __construct.shop - 18811
2022-05-18 22:40:44 - 24 __construct.shop - 18811
2022-05-18 22:40:46 - 24 __construct.shop - 18811
2022-05-19 10:41:33 - 24 __construct.shop - 4824
2022-05-19 11:48:18 - 24 __construct.shop - 4824
2022-05-19 11:51:05 - 62 postData.Error No: 22 | Error msg: The requested URL returned error: 502 
2022-05-19 11:52:06 - 62 postData.Error No: 22 | Error msg: The requested URL returned error: 500 
2022-05-20 11:27:08 - 24 __construct.shop - 4824
2022-05-21 11:20:11 - 24 __construct.shop - 4824
2022-05-22 10:33:26 - 24 __construct.shop - 4824
2022-05-22 11:11:58 - 24 __construct.shop - 4824
2022-05-23 12:28:27 - 24 __construct.shop - 4824
2022-05-24 12:05:54 - 24 __construct.shop - 4824
2022-05-24 12:28:23 - 24 __construct.shop - 4824
2022-05-25 12:06:21 - 24 __construct.shop - 4824
2022-05-26 11:05:01 - 24 __construct.shop - 4824
2022-05-26 11:10:24 - 24 __construct.shop - 4824
2022-05-27 11:09:09 - 24 __construct.shop - 4824
2022-05-27 11:34:56 - 24 __construct.shop - 4824
2022-05-28 11:52:26 - 24 __construct.shop - 4824
2022-05-29 11:01:55 - 24 __construct.shop - 4824
2022-05-30 11:14:59 - 24 __construct.shop - 4824
2022-05-30 11:46:35 - 24 __construct.shop - 4824
2022-05-31 11:20:19 - 24 __construct.shop - 4824
2022-05-31 12:41:51 - 24 __construct.shop - 4824
2022-06-01 11:08:49 - 24 __construct.shop - 4824
2022-06-01 11:14:23 - 24 __construct.shop - 4824
2022-06-02 12:03:56 - 24 __construct.shop - 4824
2022-06-03 11:29:35 - 24 __construct.shop - 4824
2022-06-04 11:53:28 - 24 __construct.shop - 4824
2022-06-05 10:16:36 - 24 __construct.shop - 4824
2022-06-05 10:23:44 - 24 __construct.shop - 4824
2022-06-06 11:03:23 - 24 __construct.shop - 4824
2022-06-08 12:09:11 - 24 __construct.shop - 4824
2022-06-09 12:55:47 - 24 __construct.shop - 4824
2022-06-09 12:59:12 - 24 __construct.shop - 4824
2022-06-10 10:49:26 - 24 __construct.shop - 4824
2022-06-11 11:22:23 - 24 __construct.shop - 4824
2022-06-11 11:36:30 - 24 __construct.shop - 4824
2022-06-13 10:56:20 - 24 __construct.shop - 4824
2022-06-13 11:48:30 - 24 __construct.shop - 4824
2022-06-14 12:08:53 - 24 __construct.shop - 4824
2022-06-15 12:01:55 - 24 __construct.shop - 4824
2022-06-18 11:44:54 - 24 __construct.shop - 4824
2022-06-19 10:34:59 - 24 __construct.shop - 4824
2022-06-19 11:55:48 - 24 __construct.shop - 4824
2022-06-19 20:32:47 - 24 __construct.shop - 18811
2022-06-19 20:32:49 - 24 __construct.shop - 18811
2022-06-19 20:49:58 - 24 __construct.shop - 18811
2022-06-19 20:50:01 - 24 __construct.shop - 18811
2022-06-20 12:10:57 - 24 __construct.shop - 4824
2022-06-21 11:51:57 - 24 __construct.shop - 18811
2022-06-21 11:51:59 - 24 __construct.shop - 18811
2022-06-21 12:05:00 - 24 __construct.shop - 4824
2022-06-22 11:48:38 - 24 __construct.shop - 4824
2022-06-23 10:50:30 - 24 __construct.shop - 4824
2022-06-23 12:28:33 - 24 __construct.shop - 18811
2022-06-23 12:28:34 - 24 __construct.shop - 18811
2022-06-24 11:02:51 - 24 __construct.shop - 4824
2022-06-25 11:14:25 - 24 __construct.shop - 4824
2022-06-26 10:42:44 - 24 __construct.shop - 4824
2022-06-26 11:02:01 - 24 __construct.shop - 4824
2022-06-27 10:56:15 - 24 __construct.shop - 18811
2022-06-27 10:56:17 - 24 __construct.shop - 18811
2022-06-27 11:12:50 - 24 __construct.shop - 4824
2022-06-27 13:26:59 - 24 __construct.shop - 4824
2022-06-29 1:05:42 - 24 __construct.shop - 18811
2022-06-29 1:05:42 - 24 __construct.shop - 18811
2022-06-29 13:44:38 - 24 __construct.shop - 4824
2022-06-30 12:12:43 - 24 __construct.shop - 4824
2022-06-30 12:47:06 - 24 __construct.shop - 4824
2022-07-01 12:54:53 - 24 __construct.shop - 4824
2022-07-02 12:45:15 - 24 __construct.shop - 4824
2022-07-03 11:09:31 - 24 __construct.shop - 4824
2022-07-03 11:30:34 - 24 __construct.shop - 4824
2022-07-04 12:25:02 - 24 __construct.shop - 4824
2022-07-05 11:55:46 - 24 __construct.shop - 4824
2022-07-06 6:05:37 - 24 __construct.shop - 18811
2022-07-06 6:05:38 - 24 __construct.shop - 18811
2022-07-06 12:35:20 - 24 __construct.shop - 4824
2022-07-07 11:56:48 - 24 __construct.shop - 4824
2022-07-07 16:05:57 - 24 __construct.shop - 18811
2022-07-07 16:05:58 - 24 __construct.shop - 18811
2022-07-09 12:30:44 - 24 __construct.shop - 4824
2022-07-10 11:22:59 - 24 __construct.shop - 4824
2022-07-10 12:08:24 - 24 __construct.shop - 4824
2022-07-11 12:02:02 - 24 __construct.shop - 4824
2022-07-11 12:56:49 - 24 __construct.shop - 4824
2022-07-12 12:58:44 - 24 __construct.shop - 4824
2022-07-13 13:12:17 - 24 __construct.shop - 4824
2022-07-14 13:07:18 - 24 __construct.shop - 4824
2022-07-16 12:29:08 - 24 __construct.shop - 4824
2022-07-16 13:48:43 - 24 __construct.shop - 4824
2022-07-17 12:08:20 - 24 __construct.shop - 4824
2022-07-20 12:27:48 - 24 __construct.shop - 4824
2022-07-21 12:50:05 - 24 __construct.shop - 4824
2022-07-22 13:28:47 - 24 __construct.shop - 4824
2022-07-23 12:10:21 - 24 __construct.shop - 4824
2022-07-23 12:57:35 - 24 __construct.shop - 4824
2022-07-24 6:06:07 - 24 __construct.shop - 18811
2022-07-24 6:06:08 - 24 __construct.shop - 18811
2022-07-24 12:33:11 - 24 __construct.shop - 4824
2022-07-25 11:50:58 - 24 __construct.shop - 4824
2022-07-26 2:47:03 - 24 __construct.shop - 18811
2022-07-26 11:38:22 - 24 __construct.shop - 4824
2022-07-27 11:58:27 - 24 __construct.shop - 4824
2022-07-28 14:20:45 - 24 __construct.shop - 4824
2022-07-28 14:22:45 - 24 __construct.shop - 4824
2022-07-29 12:47:47 - 24 __construct.shop - 4824
2022-07-29 13:06:02 - 24 __construct.shop - 4824
2022-07-31 12:11:28 - 24 __construct.shop - 4824
2022-08-01 13:31:41 - 24 __construct.shop - 4824
2022-08-02 12:25:57 - 24 __construct.shop - 4824
2022-08-04 13:09:36 - 24 __construct.shop - 4824
2022-08-05 13:23:37 - 24 __construct.shop - 4824
2022-08-06 12:46:03 - 24 __construct.shop - 4824
2022-08-07 12:41:59 - 24 __construct.shop - 4824
2022-08-08 14:04:28 - 24 __construct.shop - 4824
2022-08-10 12:02:58 - 24 __construct.shop - 4824
2022-08-10 13:15:13 - 24 __construct.shop - 18811
2022-08-10 13:15:16 - 24 __construct.shop - 18811
2022-08-11 11:24:15 - 24 __construct.shop - 4824
2022-08-11 12:13:03 - 24 __construct.shop - 4824
2022-08-12 11:25:56 - 24 __construct.shop - 4824
2022-08-13 12:30:30 - 24 __construct.shop - 4824
2022-08-14 11:47:09 - 24 __construct.shop - 4824
2022-08-15 12:58:22 - 24 __construct.shop - 4824
2022-08-15 13:01:00 - 62 postData.Error No: 22 | Error msg: The requested URL returned error: 500 
2022-08-16 11:35:53 - 24 __construct.shop - 4824
2022-08-16 13:10:09 - 24 __construct.shop - 4824
2022-08-17 11:53:43 - 24 __construct.shop - 4824
2022-08-19 11:10:24 - 24 __construct.shop - 4824
2022-08-19 12:05:39 - 24 __construct.shop - 4824
2022-08-20 12:30:03 - 24 __construct.shop - 4824
2022-08-21 12:37:38 - 24 __construct.shop - 4824
2022-08-22 12:14:45 - 24 __construct.shop - 4824
2022-08-23 12:07:29 - 24 __construct.shop - 4824
2022-08-23 12:39:52 - 24 __construct.shop - 4824
2022-08-24 13:03:32 - 24 __construct.shop - 4824
2022-08-25 11:57:39 - 24 __construct.shop - 4824
2022-08-26 12:18:57 - 24 __construct.shop - 4824
2022-08-26 12:19:35 - 24 __construct.shop - 4824
2022-08-27 12:16:29 - 24 __construct.shop - 4824
2022-08-28 11:05:19 - 24 __construct.shop - 4824
2022-08-28 12:08:51 - 24 __construct.shop - 4824
2022-08-29 13:12:50 - 24 __construct.shop - 4824
2022-08-30 12:11:21 - 24 __construct.shop - 4824
2022-08-31 12:12:29 - 24 __construct.shop - 4824
2022-09-01 13:51:39 - 24 __construct.shop - 4824
2022-09-02 21:48:12 - 24 __construct.shop - 18811
2022-09-03 12:53:48 - 24 __construct.shop - 4824
2022-09-04 12:36:28 - 24 __construct.shop - 4824
2022-09-04 13:07:23 - 24 __construct.shop - 4824
2022-09-05 13:32:24 - 24 __construct.shop - 4824
2022-09-05 14:00:54 - 24 __construct.shop - 4824
2022-09-06 13:29:34 - 24 __construct.shop - 4824
2022-09-07 13:16:16 - 24 __construct.shop - 4824
2022-09-08 12:26:20 - 24 __construct.shop - 4824
2022-09-08 12:26:21 - 62 postData.Error No: 22 | Error msg: The requested URL returned error: 500 
2022-09-08 12:27:58 - 24 __construct.shop - 4824
2022-09-08 12:49:56 - 24 __construct.shop - 4824
2022-09-09 12:25:35 - 24 __construct.shop - 4824
2022-09-09 13:05:18 - 24 __construct.shop - 4824
2022-09-10 11:28:30 - 24 __construct.shop - 4824
2022-09-10 11:46:47 - 24 __construct.shop - 4824
2022-09-11 11:33:08 - 24 __construct.shop - 4824
2022-09-11 11:34:51 - 24 __construct.shop - 4824
2022-09-12 12:07:42 - 24 __construct.shop - 18811
2022-09-12 12:07:43 - 24 __construct.shop - 18811
2022-09-12 13:36:48 - 24 __construct.shop - 4824
2022-09-12 14:17:43 - 24 __construct.shop - 4824
2022-09-13 13:36:34 - 24 __construct.shop - 4824
2022-09-13 14:02:55 - 24 __construct.shop - 4824
2022-09-14 12:06:37 - 24 __construct.shop - 4824
2022-09-14 12:11:03 - 24 __construct.shop - 4824
2022-09-15 12:18:24 - 24 __construct.shop - 4824
2022-09-16 12:47:47 - 24 __construct.shop - 4824
2022-09-16 13:09:27 - 24 __construct.shop - 4824
2022-09-17 13:10:08 - 24 __construct.shop - 4824
2022-09-18 11:23:18 - 24 __construct.shop - 4824
2022-09-18 11:51:05 - 24 __construct.shop - 4824
2022-09-18 12:27:37 - 24 __construct.shop - 4824
2022-09-19 13:29:05 - 24 __construct.shop - 4824
2022-09-19 14:14:33 - 24 __construct.shop - 4824
2022-09-20 12:53:13 - 24 __construct.shop - 4824
2022-09-20 14:03:14 - 24 __construct.shop - 4824
2022-09-21 13:03:29 - 24 __construct.shop - 4824
2022-09-21 13:08:20 - 24 __construct.shop - 4824
2022-09-21 13:14:50 - 24 __construct.shop - 4824
2022-09-21 13:27:13 - 24 __construct.shop - 4824
2022-09-23 11:58:14 - 24 __construct.shop - 4824
2022-09-23 12:50:41 - 24 __construct.shop - 4824
2022-09-24 13:41:54 - 24 __construct.shop - 4824
2022-09-25 13:21:11 - 24 __construct.shop - 4824
2022-09-26 13:55:24 - 24 __construct.shop - 4824
2022-09-26 14:24:57 - 24 __construct.shop - 4824
2022-09-27 13:22:03 - 24 __construct.shop - 4824
2022-09-28 14:26:26 - 24 __construct.shop - 4824
2022-09-29 12:36:17 - 24 __construct.shop - 4824
2022-09-29 17:05:50 - 24 __construct.shop - 18811
2022-09-29 17:05:51 - 24 __construct.shop - 18811
2022-09-30 12:32:56 - 24 __construct.shop - 4824
2022-10-01 13:06:02 - 24 __construct.shop - 4824
2022-10-01 13:51:26 - 24 __construct.shop - 4824
2022-10-03 14:04:47 - 24 __construct.shop - 4824
2022-10-03 14:06:47 - 62 postData.Error No: 22 | Error msg: The requested URL returned error: 502 
2022-10-03 14:08:47 - 62 postData.Error No: 22 | Error msg: The requested URL returned error: 502 
2022-10-04 13:16:33 - 24 __construct.shop - 4824
2022-10-05 13:23:19 - 24 __construct.shop - 4824
2022-10-06 13:46:57 - 24 __construct.shop - 4824
2022-10-07 14:01:28 - 24 __construct.shop - 4824
2022-10-07 14:28:36 - 24 __construct.shop - 4824
2022-10-08 12:06:51 - 24 __construct.shop - 4824
2022-10-08 12:06:56 - 24 __construct.shop - 4824
2022-10-08 12:07:12 - 24 __construct.shop - 4824
2022-10-10 14:18:59 - 24 __construct.shop - 4824
2022-10-11 13:36:30 - 24 __construct.shop - 4824
2022-10-12 13:19:20 - 24 __construct.shop - 4824
2022-10-13 13:50:23 - 24 __construct.shop - 4824
2022-10-14 2:06:31 - 24 __construct.shop - 18811
2022-10-14 2:06:31 - 24 __construct.shop - 18811
2022-10-14 12:24:59 - 24 __construct.shop - 4824
2022-10-15 12:26:27 - 24 __construct.shop - 4824
2022-10-17 13:30:05 - 24 __construct.shop - 4824
2022-10-18 12:58:04 - 24 __construct.shop - 4824
2022-10-19 12:57:38 - 24 __construct.shop - 4824
2022-10-20 14:01:22 - 24 __construct.shop - 4824
2022-10-20 14:05:44 - 24 __construct.shop - 4824
2022-10-21 14:03:20 - 24 __construct.shop - 4824
2022-10-22 13:41:42 - 24 __construct.shop - 4824
2022-10-24 14:31:22 - 24 __construct.shop - 4824
2022-10-26 13:02:20 - 24 __construct.shop - 4824
2022-10-27 12:41:44 - 24 __construct.shop - 4824
2022-10-28 12:54:31 - 24 __construct.shop - 4824
2022-10-29 11:45:12 - 24 __construct.shop - 4824
2022-10-31 14:14:33 - 24 __construct.shop - 4824
2022-10-31 14:14:39 - 24 __construct.shop - 4824
2022-11-01 13:40:41 - 24 __construct.shop - 4824
2022-11-02 13:34:47 - 24 __construct.shop - 4824
2022-11-03 12:45:45 - 24 __construct.shop - 4824
2022-11-03 13:13:09 - 24 __construct.shop - 4824
2022-11-04 12:42:10 - 24 __construct.shop - 4824
2022-11-04 13:00:59 - 24 __construct.shop - 4824
2022-11-06 12:13:38 - 24 __construct.shop - 4824
2022-11-08 13:22:20 - 24 __construct.shop - 4824
2022-11-09 12:31:11 - 24 __construct.shop - 4824
2022-11-11 23:06:00 - 24 __construct.shop - 18811
2022-11-11 23:06:01 - 24 __construct.shop - 18811
2022-11-12 11:58:21 - 24 __construct.shop - 4824
2022-11-13 13:07:37 - 24 __construct.shop - 4824
2022-11-13 13:23:58 - 24 __construct.shop - 4824
2022-11-14 13:28:19 - 24 __construct.shop - 4824
2022-11-14 13:28:31 - 62 postData.Error No: 22 | Error msg: The requested URL returned error: 500 
2022-11-14 13:28:31 - 62 postData.Error No: 22 | Error msg: The requested URL returned error: 500 
2022-11-14 13:28:31 - 62 postData.Error No: 22 | Error msg: The requested URL returned error: 500 
2022-11-14 14:00:21 - 24 __construct.shop - 4824
2022-11-14 14:04:48 - 24 __construct.shop - 4824
2022-11-15 12:02:42 - 24 __construct.shop - 4824
2022-11-15 12:40:30 - 24 __construct.shop - 4824
2022-11-16 12:23:17 - 24 __construct.shop - 4824
2022-11-16 13:06:58 - 24 __construct.shop - 4824
2022-11-16 13:17:58 - 24 __construct.shop - 4824
2022-11-17 9:35:05 - 24 __construct.shop - 18811
2022-11-17 9:35:06 - 24 __construct.shop - 18811
2022-11-17 11:09:13 - 24 __construct.shop - 4824
2022-11-18 11:29:55 - 24 __construct.shop - 4824
2022-11-20 12:04:30 - 24 __construct.shop - 4824
2022-11-21 13:44:44 - 24 __construct.shop - 4824
2022-11-22 11:49:51 - 24 __construct.shop - 4824
2022-11-23 11:14:06 - 24 __construct.shop - 4824
2022-11-23 11:17:34 - 62 postData.Error No: 22 | Error msg: The requested URL returned error: 500 
2022-11-24 12:20:21 - 24 __construct.shop - 4824
2022-11-25 11:11:26 - 24 __construct.shop - 4824
2022-11-26 10:37:00 - 24 __construct.shop - 4824
2022-12-02 11:45:02 - 24 __construct.shop - 4824
2022-12-03 11:35:50 - 24 __construct.shop - 4824
2022-12-04 12:39:06 - 24 __construct.shop - 4824
2022-12-05 12:19:24 - 24 __construct.shop - 4824
2022-12-05 12:19:31 - 24 __construct.shop - 4824
2022-12-05 12:19:40 - 24 __construct.shop - 4824
2022-12-05 12:20:24 - 24 __construct.shop - 4824
2022-12-06 11:31:34 - 24 __construct.shop - 4824
2022-12-07 11:38:25 - 24 __construct.shop - 4824
2022-12-09 12:23:11 - 24 __construct.shop - 4824
2022-12-12 12:00:07 - 24 __construct.shop - 4824
2022-12-13 11:35:42 - 24 __construct.shop - 4824
2022-12-13 12:07:03 - 24 __construct.shop - 4824
2022-12-14 13:09:07 - 24 __construct.shop - 4824
2022-12-14 13:09:07 - 62 postData.Error No: 22 | Error msg: The requested URL returned error: 500 
2022-12-14 13:09:07 - 62 postData.Error No: 22 | Error msg: The requested URL returned error: 500 
2022-12-14 13:09:07 - 62 postData.Error No: 22 | Error msg: The requested URL returned error: 500 
2022-12-14 13:11:23 - 62 postData.Error No: 22 | Error msg: The requested URL returned error: 500 
2022-12-14 13:11:34 - 62 postData.Error No: 22 | Error msg: The requested URL returned error: 500 
2022-12-14 13:11:41 - 62 postData.Error No: 22 | Error msg: The requested URL returned error: 500 
2022-12-14 13:11:41 - 62 postData.Error No: 22 | Error msg: The requested URL returned error: 500 
2022-12-14 13:44:06 - 24 __construct.shop - 4824
2022-12-16 13:01:34 - 24 __construct.shop - 18811
2022-12-16 13:01:36 - 24 __construct.shop - 18811
2022-12-20 11:03:04 - 24 __construct.shop - 4824
2022-12-20 11:04:52 - 62 postData.Error No: 22 | Error msg: The requested URL returned error: 500 
2022-12-20 11:05:27 - 62 postData.Error No: 22 | Error msg: The requested URL returned error: 500 
2022-12-21 12:22:50 - 24 __construct.shop - 4824
2022-12-22 13:24:04 - 24 __construct.shop - 4824
2022-12-22 13:26:59 - 62 postData.Error No: 22 | Error msg: The requested URL returned error: 502 
2022-12-23 13:52:27 - 24 __construct.shop - 4824
2022-12-26 12:24:41 - 24 __construct.shop - 4824
2022-12-27 0:28:46 - 24 __construct.shop - 18811
2022-12-27 0:28:48 - 24 __construct.shop - 18811
2022-12-27 7:00:54 - 24 __construct.shop - 18811
2022-12-27 7:00:55 - 24 __construct.shop - 18811
2022-12-27 11:39:55 - 24 __construct.shop - 4824
2022-12-27 23:12:10 - 24 __construct.shop - 18811
2022-12-27 23:12:12 - 24 __construct.shop - 18811
2022-12-27 23:12:30 - 24 __construct.shop - 18811
2022-12-27 23:12:31 - 24 __construct.shop - 18811
2022-12-27 23:12:43 - 24 __construct.shop - 18811
2022-12-28 11:33:13 - 24 __construct.shop - 18811
2022-12-28 11:33:15 - 24 __construct.shop - 18811
2022-12-28 11:33:20 - 24 __construct.shop - 18811
2022-12-28 14:51:54 - 24 __construct.shop - 18811
2022-12-28 14:51:57 - 24 __construct.shop - 18811
2022-12-29 5:00:52 - 24 __construct.shop - 18811
2022-12-29 5:00:53 - 24 __construct.shop - 18811
2022-12-29 10:31:09 - 24 __construct.shop - 18811
2022-12-29 10:31:11 - 24 __construct.shop - 18811
2022-12-29 11:56:09 - 24 __construct.shop - 4824
2022-12-30 12:46:25 - 24 __construct.shop - 4824
2022-12-30 12:47:01 - 24 __construct.shop - 4824
2023-01-05 11:24:37 - 24 __construct.shop - 4824
2023-01-05 11:40:25 - 24 __construct.shop - 4824
2023-01-10 12:02:20 - 24 __construct.shop - 4824
2023-01-13 12:27:59 - 24 __construct.shop - 4824
2023-01-14 11:41:26 - 24 __construct.shop - 4824
2023-01-15 12:14:20 - 24 __construct.shop - 4824
2023-01-17 12:28:36 - 24 __construct.shop - 4824
2023-01-20 12:57:13 - 24 __construct.shop - 18811
2023-01-20 12:57:14 - 24 __construct.shop - 18811
2023-01-22 13:26:56 - 24 __construct.shop - 4824
2023-01-23 13:13:48 - 24 __construct.shop - 18811
2023-01-23 13:13:50 - 24 __construct.shop - 18811
2023-01-23 13:14:12 - 24 __construct.shop - 18811
2023-01-25 2:09:01 - 24 __construct.shop - 18811
2023-01-25 2:09:02 - 24 __construct.shop - 18811
2023-01-25 20:13:12 - 24 __construct.shop - 18811
2023-01-25 20:13:13 - 24 __construct.shop - 18811
2023-01-25 20:13:26 - 24 __construct.shop - 18811
2023-01-25 20:13:28 - 24 __construct.shop - 18811
2023-01-28 12:26:16 - 24 __construct.shop - 4824
2023-01-29 13:42:17 - 24 __construct.shop - 4824
2023-01-29 13:42:37 - 24 __construct.shop - 4824
2023-01-29 14:04:12 - 24 __construct.shop - 4824
2023-01-31 13:22:54 - 24 __construct.shop - 18811
2023-01-31 13:22:56 - 24 __construct.shop - 18811
2023-02-03 12:24:30 - 24 __construct.shop - 4824
2023-02-03 12:24:32 - 24 __construct.shop - 4824
2023-02-04 4:00:44 - 24 __construct.shop - 18811
2023-02-04 4:00:45 - 24 __construct.shop - 18811
2023-02-04 5:00:27 - 24 __construct.shop - 18811
2023-02-04 5:00:28 - 24 __construct.shop - 18811
2023-02-04 14:13:46 - 24 __construct.shop - 18811
2023-02-04 14:13:48 - 24 __construct.shop - 18811
2023-02-05 23:34:59 - 24 __construct.shop - 18811
2023-02-05 23:35:00 - 24 __construct.shop - 18811
2023-02-09 12:11:07 - 24 __construct.shop - 4824
2023-02-14 12:10:28 - 24 __construct.shop - 4824
2023-02-15 10:19:33 - 24 __construct.shop - 4824
2023-02-15 10:19:50 - 24 __construct.shop - 4824
2023-02-15 10:21:17 - 24 __construct.shop - 4824
2023-02-15 10:32:47 - 24 __construct.shop - 4824
2023-02-17 15:02:24 - 24 __construct.shop - 18811
2023-02-18 11:41:58 - 24 __construct.shop - 4824
2023-02-20 11:55:23 - 24 __construct.shop - 4824
2023-02-22 10:16:11 - 24 __construct.shop - 4824
2023-02-23 12:56:49 - 24 __construct.shop - 4824
2023-02-23 14:06:48 - 24 __construct.shop - 4824
2023-02-25 12:06:33 - 24 __construct.shop - 4824
2023-02-26 12:37:16 - 24 __construct.shop - 4824
2023-03-11 12:18:06 - 24 __construct.shop - 4824
2023-03-16 12:24:19 - 24 __construct.shop - 4824
2023-03-18 12:55:05 - 24 __construct.shop - 4824
2023-03-23 11:24:21 - 24 __construct.shop - 4824
2023-03-23 11:25:42 - 62 postData.Error No: 22 | Error msg: The requested URL returned error: 500 
2023-03-28 12:00:37 - 24 __construct.shop - 4824
2023-03-28 12:02:38 - 62 postData.Error No: 22 | Error msg: The requested URL returned error: 500 
2023-03-28 12:16:46 - 24 __construct.shop - 4824
2023-03-29 11:27:29 - 24 __construct.shop - 4824
2023-03-30 12:27:27 - 24 __construct.shop - 4824
2023-04-01 11:59:33 - 24 __construct.shop - 4824
2023-04-03 12:09:31 - 24 __construct.shop - 4824
2023-04-05 12:12:18 - 24 __construct.shop - 4824
2023-04-05 12:12:40 - 62 postData.Error No: 22 | Error msg: The requested URL returned error: 502 
2023-04-05 12:12:42 - 62 postData.Error No: 22 | Error msg: The requested URL returned error: 502 
2023-04-05 12:12:43 - 62 postData.Error No: 22 | Error msg: The requested URL returned error: 502 
2023-04-05 12:12:46 - 62 postData.Error No: 22 | Error msg: The requested URL returned error: 502 
2023-04-05 12:12:47 - 62 postData.Error No: 22 | Error msg: The requested URL returned error: 502 
2023-04-05 12:13:16 - 62 postData.Error No: 22 | Error msg: The requested URL returned error: 502 
2023-04-05 12:13:17 - 62 postData.Error No: 22 | Error msg: The requested URL returned error: 502 
2023-04-09 13:06:57 - 24 __construct.shop - 4824
2023-04-10 12:50:10 - 24 __construct.shop - 4824
2023-04-10 12:52:51 - 62 postData.Error No: 22 | Error msg: The requested URL returned error: 500 
2023-04-10 12:52:51 - 62 postData.Error No: 22 | Error msg: The requested URL returned error: 502 
2023-04-10 12:52:51 - 62 postData.Error No: 22 | Error msg: The requested URL returned error: 500 
2023-04-10 12:52:56 - 62 postData.Error No: 22 | Error msg: The requested URL returned error: 500 
2023-04-10 12:52:56 - 62 postData.Error No: 22 | Error msg: The requested URL returned error: 500 
2023-04-10 12:52:56 - 62 postData.Error No: 22 | Error msg: The requested URL returned error: 500 
2023-04-10 12:55:20 - 24 __construct.shop - 4824
2023-04-13 12:04:50 - 24 __construct.shop - 4824
2023-04-13 12:05:26 - 62 postData.Error No: 22 | Error msg: The requested URL returned error: 502 
2023-04-13 12:51:09 - 24 __construct.shop - 4824
2023-04-14 13:02:28 - 24 __construct.shop - 4824
2023-04-15 11:25:35 - 24 __construct.shop - 4824
2023-04-18 11:31:45 - 24 __construct.shop - 4824
2023-04-18 12:01:39 - 24 __construct.shop - 4824
2023-04-19 11:27:50 - 24 __construct.shop - 4824
2023-04-22 12:13:15 - 24 __construct.shop - 4824
2023-04-23 12:37:53 - 24 __construct.shop - 4824
2023-04-27 13:47:35 - 24 __construct.shop - 4824
2023-04-28 13:17:50 - 24 __construct.shop - 4824
2023-04-28 13:49:34 - 24 __construct.shop - 4824
2023-04-28 13:52:00 - 62 postData.Error No: 22 | Error msg: The requested URL returned error: 500 
2023-04-28 13:52:30 - 62 postData.Error No: 22 | Error msg: The requested URL returned error: 500 
2023-04-30 14:48:15 - 24 __construct.shop - 4824
2023-05-04 13:25:26 - 24 __construct.shop - 4824
2023-05-20 12:40:04 - 24 __construct.shop - 4824
2023-05-20 12:40:07 - 24 __construct.shop - 4824
2023-05-20 12:57:19 - 24 __construct.shop - 4824
2023-05-27 11:24:35 - 24 __construct.shop - 4824
2023-05-27 11:24:38 - 24 __construct.shop - 4824
2023-05-27 11:34:30 - 24 __construct.shop - 4824
2023-05-31 11:44:45 - 24 __construct.shop - 4824
2023-06-05 11:51:32 - 24 __construct.shop - 4824
2023-06-05 12:16:34 - 24 __construct.shop - 4824
2023-06-13 12:39:45 - 24 __construct.shop - 4824
2023-06-17 12:00:15 - 24 __construct.shop - 4824
2023-06-17 12:00:17 - 24 __construct.shop - 4824
2023-06-17 12:24:42 - 24 __construct.shop - 4824
2023-06-21 12:41:56 - 24 __construct.shop - 4824
2023-06-21 12:42:09 - 24 __construct.shop - 4824
2023-06-21 12:42:55 - 24 __construct.shop - 4824
2023-06-21 12:43:42 - 24 __construct.shop - 4824
2023-06-21 12:43:58 - 24 __construct.shop - 4824
2023-06-21 12:45:46 - 24 __construct.shop - 4824
2023-06-23 13:57:37 - 24 __construct.shop - 4824
2023-06-23 13:57:41 - 24 __construct.shop - 4824
2023-06-23 14:10:12 - 24 __construct.shop - 4824
2023-07-04 11:10:56 - 24 __construct.shop - 4824
2023-07-12 12:35:56 - 24 __construct.shop - 4824
2023-07-12 12:35:58 - 24 __construct.shop - 4824
2023-07-12 12:45:54 - 24 __construct.shop - 4824
2023-07-30 13:41:28 - 24 __construct.shop - 4824
2023-08-02 14:05:25 - 24 __construct.shop - 4824
2023-08-03 12:03:24 - 24 __construct.shop - 4824
2023-08-08 12:49:32 - 24 __construct.shop - 4824
2023-08-08 14:49:37 - 24 __construct.shop - 4824
2023-08-09 15:49:16 - 24 __construct.shop - 4824
2023-09-02 19:59:02 - 24 __construct.shop - 4824
2023-09-10 13:51:59 - 24 __construct.shop - 4824
2023-09-10 13:55:44 - 62 postData.Error No: 22 | Error msg: The requested URL returned error: 502 Bad Gateway
2023-09-10 16:27:03 - 24 __construct.shop - 4824
2023-09-19 14:36:04 - 24 __construct.shop - 4824
2023-09-19 14:39:16 - 24 __construct.shop - 4824
2023-09-24 11:00:31 - 24 __construct.shop - 4824
2023-10-05 11:15:29 - 24 __construct.shop - 4824
2023-11-01 16:38:12 - 24 __construct.shop - 4824
2023-12-26 12:30:08 - 24 __construct.shop - 4824
2023-12-26 12:30:13 - 24 __construct.shop - 4824
2023-12-26 12:30:22 - 24 __construct.shop - 4824
